{"/Users/zane/playground/sdlcforge/format-and-lint/src/cli/cli-spec.mjs": {"path":"/Users/zane/playground/sdlcforge/format-and-lint/src/cli/cli-spec.mjs","statementMap":{"0":{"start":{"line":1,"column":17},"end":{"line":47,"column":1}},"1":{"start":{"line":49,"column":16},"end":{"line":105,"column":1}}},"fnMap":{},"branchMap":{},"s":{"0":1,"1":1},"f":{},"b":{},"inputSourceMap":null,"_coverageSchema":"1a1c01bbd47fc00a2c39e90264f33305004495a9","hash":"0731840629aaab723c0ed9b9ead32ef92783a9eb"}
,"/Users/zane/playground/sdlcforge/format-and-lint/src/cli/fandl.mjs": {"path":"/Users/zane/playground/sdlcforge/format-and-lint/src/cli/fandl.mjs","statementMap":{"0":{"start":{"line":10,"column":14},"end":{"line":66,"column":1}},"1":{"start":{"line":11,"column":19},"end":{"line":15,"column":4}},"2":{"start":{"line":16,"column":18},"end":{"line":16,"column":55}},"3":{"start":{"line":18,"column":2},"end":{"line":65,"column":3}},"4":{"start":{"line":19,"column":20},"end":{"line":19,"column":65}},"5":{"start":{"line":27,"column":8},"end":{"line":27,"column":15}},"6":{"start":{"line":29,"column":18},"end":{"line":29,"column":36}},"7":{"start":{"line":31,"column":4},"end":{"line":31,"column":23}},"8":{"start":{"line":33,"column":22},"end":{"line":33,"column":68}},"9":{"start":{"line":35,"column":25},"end":{"line":35,"column":111}},"10":{"start":{"line":38,"column":6},"end":{"line":38,"column":112}},"11":{"start":{"line":40,"column":27},"end":{"line":40,"column":117}},"12":{"start":{"line":42,"column":19},"end":{"line":42,"column":77}},"13":{"start":{"line":44,"column":28},"end":{"line":50,"column":6}},"14":{"start":{"line":57,"column":22},"end":{"line":57,"column":59}},"15":{"start":{"line":58,"column":23},"end":{"line":58,"column":52}},"16":{"start":{"line":60,"column":4},"end":{"line":60,"column":28}},"17":{"start":{"line":62,"column":4},"end":{"line":64,"column":5}},"18":{"start":{"line":63,"column":6},"end":{"line":63,"column":21}},"19":{"start":{"line":68,"column":35},"end":{"line":78,"column":7}},"20":{"start":{"line":69,"column":2},"end":{"line":78,"column":7}},"21":{"start":{"line":74,"column":53},"end":{"line":74,"column":71}},"22":{"start":{"line":80,"column":19},"end":{"line":87,"column":1}},"23":{"start":{"line":81,"column":2},"end":{"line":86,"column":3}},"24":{"start":{"line":82,"column":4},"end":{"line":85,"column":6}}},"fnMap":{"0":{"name":"(anonymous_0)","decl":{"start":{"line":10,"column":14},"end":{"line":10,"column":15}},"loc":{"start":{"line":10,"column":79},"end":{"line":66,"column":1}},"line":10},"1":{"name":"(anonymous_1)","decl":{"start":{"line":68,"column":35},"end":{"line":68,"column":36}},"loc":{"start":{"line":69,"column":2},"end":{"line":78,"column":7}},"line":69},"2":{"name":"(anonymous_2)","decl":{"start":{"line":74,"column":46},"end":{"line":74,"column":47}},"loc":{"start":{"line":74,"column":53},"end":{"line":74,"column":71}},"line":74},"3":{"name":"(anonymous_3)","decl":{"start":{"line":80,"column":19},"end":{"line":80,"column":20}},"loc":{"start":{"line":80,"column":73},"end":{"line":87,"column":1}},"line":80}},"branchMap":{"0":{"loc":{"start":{"line":10,"column":21},"end":{"line":10,"column":74}},"type":"default-arg","locations":[{"start":{"line":10,"column":72},"end":{"line":10,"column":74}}],"line":10},"1":{"loc":{"start":{"line":10,"column":23},"end":{"line":10,"column":42}},"type":"default-arg","locations":[{"start":{"line":10,"column":30},"end":{"line":10,"column":42}}],"line":10},"2":{"loc":{"start":{"line":10,"column":44},"end":{"line":10,"column":67}},"type":"default-arg","locations":[{"start":{"line":10,"column":53},"end":{"line":10,"column":67}}],"line":10},"3":{"loc":{"start":{"line":16,"column":18},"end":{"line":16,"column":55}},"type":"binary-expr","locations":[{"start":{"line":16,"column":18},"end":{"line":16,"column":34}},{"start":{"line":16,"column":38},"end":{"line":16,"column":55}}],"line":16},"4":{"loc":{"start":{"line":18,"column":2},"end":{"line":65,"column":3}},"type":"if","locations":[{"start":{"line":18,"column":2},"end":{"line":65,"column":3}},{"start":{},"end":{}}],"line":18},"5":{"loc":{"start":{"line":18,"column":6},"end":{"line":18,"column":57}},"type":"binary-expr","locations":[{"start":{"line":18,"column":6},"end":{"line":18,"column":35}},{"start":{"line":18,"column":39},"end":{"line":18,"column":57}}],"line":18},"6":{"loc":{"start":{"line":35,"column":25},"end":{"line":35,"column":111}},"type":"cond-expr","locations":[{"start":{"line":35,"column":58},"end":{"line":35,"column":67}},{"start":{"line":35,"column":70},"end":{"line":35,"column":111}}],"line":35},"7":{"loc":{"start":{"line":38,"column":6},"end":{"line":38,"column":112}},"type":"cond-expr","locations":[{"start":{"line":38,"column":49},"end":{"line":38,"column":58}},{"start":{"line":38,"column":61},"end":{"line":38,"column":112}}],"line":38},"8":{"loc":{"start":{"line":40,"column":27},"end":{"line":40,"column":117}},"type":"cond-expr","locations":[{"start":{"line":40,"column":62},"end":{"line":40,"column":71}},{"start":{"line":40,"column":74},"end":{"line":40,"column":117}}],"line":40},"9":{"loc":{"start":{"line":62,"column":4},"end":{"line":64,"column":5}},"type":"if","locations":[{"start":{"line":62,"column":4},"end":{"line":64,"column":5}},{"start":{},"end":{}}],"line":62},"10":{"loc":{"start":{"line":69,"column":2},"end":{"line":78,"column":7}},"type":"cond-expr","locations":[{"start":{"line":70,"column":6},"end":{"line":70,"column":14}},{"start":{"line":71,"column":6},"end":{"line":78,"column":7}}],"line":69},"11":{"loc":{"start":{"line":81,"column":2},"end":{"line":86,"column":3}},"type":"if","locations":[{"start":{"line":81,"column":2},"end":{"line":86,"column":3}},{"start":{},"end":{}}],"line":81},"12":{"loc":{"start":{"line":81,"column":6},"end":{"line":81,"column":80}},"type":"binary-expr","locations":[{"start":{"line":81,"column":6},"end":{"line":81,"column":36}},{"start":{"line":81,"column":40},"end":{"line":81,"column":80}}],"line":81}},"s":{"0":1,"1":2,"2":2,"3":2,"4":2,"5":2,"6":2,"7":2,"8":1,"9":1,"10":1,"11":1,"12":1,"13":1,"14":1,"15":1,"16":1,"17":1,"18":0,"19":1,"20":2,"21":0,"22":1,"23":2,"24":1},"f":{"0":2,"1":2,"2":0,"3":2},"b":{"0":[0],"1":[0],"2":[1],"3":[2,2],"4":[2,0],"5":[2,0],"6":[1,0],"7":[1,0],"8":[1,0],"9":[0,1],"10":[2,0],"11":[1,1],"12":[2,1]},"inputSourceMap":null,"_coverageSchema":"1a1c01bbd47fc00a2c39e90264f33305004495a9","hash":"77d945b2864d4bc645872900388467d089f0d1f5"}
,"/Users/zane/playground/sdlcforge/format-and-lint/src/cli/lib/process-config-file.mjs": {"path":"/Users/zane/playground/sdlcforge/format-and-lint/src/cli/lib/process-config-file.mjs","statementMap":{"0":{"start":{"line":5,"column":26},"end":{"line":18,"column":1}},"1":{"start":{"line":6,"column":20},"end":{"line":6,"column":38}},"2":{"start":{"line":7,"column":2},"end":{"line":17,"column":3}},"3":{"start":{"line":8,"column":21},"end":{"line":8,"column":64}},"4":{"start":{"line":9,"column":17},"end":{"line":9,"column":36}},"5":{"start":{"line":11,"column":4},"end":{"line":11,"column":15}},"6":{"start":{"line":14,"column":19},"end":{"line":14,"column":37}},"7":{"start":{"line":16,"column":4},"end":{"line":16,"column":25}}},"fnMap":{"0":{"name":"(anonymous_0)","decl":{"start":{"line":5,"column":26},"end":{"line":5,"column":27}},"loc":{"start":{"line":5,"column":42},"end":{"line":18,"column":1}},"line":5}},"branchMap":{"0":{"loc":{"start":{"line":7,"column":2},"end":{"line":17,"column":3}},"type":"if","locations":[{"start":{"line":7,"column":2},"end":{"line":17,"column":3}},{"start":{"line":13,"column":7},"end":{"line":17,"column":3}}],"line":7},"1":{"loc":{"start":{"line":7,"column":6},"end":{"line":7,"column":94}},"type":"binary-expr","locations":[{"start":{"line":7,"column":6},"end":{"line":7,"column":33}},{"start":{"line":7,"column":37},"end":{"line":7,"column":63}},{"start":{"line":7,"column":67},"end":{"line":7,"column":94}}],"line":7}},"s":{"0":2,"1":4,"2":4,"3":3,"4":3,"5":3,"6":1,"7":1},"f":{"0":4},"b":{"0":[3,1],"1":[4,3,2]},"inputSourceMap":null,"_coverageSchema":"1a1c01bbd47fc00a2c39e90264f33305004495a9","hash":"d59c8a92dc19c125c266d3481479458adac0af7d"}
,"/Users/zane/playground/sdlcforge/format-and-lint/src/lib/format-and-lint.mjs": {"path":"/Users/zane/playground/sdlcforge/format-and-lint/src/lib/format-and-lint.mjs","statementMap":{"0":{"start":{"line":42,"column":22},"end":{"line":79,"column":1}},"1":{"start":{"line":49,"column":6},"end":{"line":49,"column":13}},"2":{"start":{"line":51,"column":2},"end":{"line":57,"column":3}},"3":{"start":{"line":52,"column":4},"end":{"line":56,"column":6}},"4":{"start":{"line":60,"column":16},"end":{"line":60,"column":57}},"5":{"start":{"line":60,"column":41},"end":{"line":60,"column":56}},"6":{"start":{"line":62,"column":25},"end":{"line":62,"column":51}},"7":{"start":{"line":64,"column":2},"end":{"line":70,"column":3}},"8":{"start":{"line":65,"column":4},"end":{"line":69,"column":6}},"9":{"start":{"line":72,"column":30},"end":{"line":72,"column":61}},"10":{"start":{"line":73,"column":2},"end":{"line":73,"column":38}},"11":{"start":{"line":74,"column":2},"end":{"line":74,"column":53}},"12":{"start":{"line":76,"column":22},"end":{"line":76,"column":106}},"13":{"start":{"line":76,"column":61},"end":{"line":76,"column":96}},"14":{"start":{"line":78,"column":2},"end":{"line":78,"column":56}},"15":{"start":{"line":81,"column":22},"end":{"line":125,"column":1}},"16":{"start":{"line":85,"column":22},"end":{"line":85,"column":59}},"17":{"start":{"line":86,"column":22},"end":{"line":86,"column":39}},"18":{"start":{"line":87,"column":25},"end":{"line":87,"column":105}},"19":{"start":{"line":88,"column":22},"end":{"line":92,"column":3}},"20":{"start":{"line":96,"column":2},"end":{"line":98,"column":3}},"21":{"start":{"line":97,"column":4},"end":{"line":97,"column":42}},"22":{"start":{"line":99,"column":24},"end":{"line":99,"column":45}},"23":{"start":{"line":101,"column":2},"end":{"line":122,"column":3}},"24":{"start":{"line":102,"column":21},"end":{"line":102,"column":25}},"25":{"start":{"line":103,"column":4},"end":{"line":118,"column":5}},"26":{"start":{"line":104,"column":6},"end":{"line":109,"column":7}},"27":{"start":{"line":105,"column":8},"end":{"line":108,"column":10}},"28":{"start":{"line":111,"column":20},"end":{"line":111,"column":51}},"29":{"start":{"line":112,"column":6},"end":{"line":114,"column":7}},"30":{"start":{"line":113,"column":8},"end":{"line":113,"column":34}},"31":{"start":{"line":115,"column":6},"end":{"line":115,"column":48}},"32":{"start":{"line":117,"column":6},"end":{"line":117,"column":65}},"33":{"start":{"line":120,"column":23},"end":{"line":120,"column":54}},"34":{"start":{"line":121,"column":4},"end":{"line":121,"column":66}},"35":{"start":{"line":124,"column":2},"end":{"line":124,"column":20}}},"fnMap":{"0":{"name":"(anonymous_0)","decl":{"start":{"line":42,"column":22},"end":{"line":42,"column":23}},"loc":{"start":{"line":42,"column":41},"end":{"line":79,"column":1}},"line":42},"1":{"name":"(anonymous_1)","decl":{"start":{"line":60,"column":34},"end":{"line":60,"column":35}},"loc":{"start":{"line":60,"column":41},"end":{"line":60,"column":56}},"line":60},"2":{"name":"(anonymous_2)","decl":{"start":{"line":76,"column":51},"end":{"line":76,"column":52}},"loc":{"start":{"line":76,"column":61},"end":{"line":76,"column":96}},"line":76},"3":{"name":"(anonymous_3)","decl":{"start":{"line":81,"column":22},"end":{"line":81,"column":23}},"loc":{"start":{"line":84,"column":5},"end":{"line":125,"column":1}},"line":84}},"branchMap":{"0":{"loc":{"start":{"line":45,"column":4},"end":{"line":45,"column":17}},"type":"default-arg","locations":[{"start":{"line":45,"column":12},"end":{"line":45,"column":17}}],"line":45},"1":{"loc":{"start":{"line":48,"column":4},"end":{"line":48,"column":42}},"type":"default-arg","locations":[{"start":{"line":48,"column":21},"end":{"line":48,"column":42}}],"line":48},"2":{"loc":{"start":{"line":51,"column":2},"end":{"line":57,"column":3}},"type":"if","locations":[{"start":{"line":51,"column":2},"end":{"line":57,"column":3}},{"start":{},"end":{}}],"line":51},"3":{"loc":{"start":{"line":51,"column":6},"end":{"line":51,"column":63}},"type":"binary-expr","locations":[{"start":{"line":51,"column":6},"end":{"line":51,"column":33}},{"start":{"line":51,"column":37},"end":{"line":51,"column":63}}],"line":51},"4":{"loc":{"start":{"line":64,"column":2},"end":{"line":70,"column":3}},"type":"if","locations":[{"start":{"line":64,"column":2},"end":{"line":70,"column":3}},{"start":{},"end":{}}],"line":64},"5":{"loc":{"start":{"line":83,"column":4},"end":{"line":83,"column":17}},"type":"default-arg","locations":[{"start":{"line":83,"column":12},"end":{"line":83,"column":17}}],"line":83},"6":{"loc":{"start":{"line":83,"column":27},"end":{"line":83,"column":42}},"type":"default-arg","locations":[{"start":{"line":83,"column":37},"end":{"line":83,"column":42}}],"line":83},"7":{"loc":{"start":{"line":83,"column":71},"end":{"line":83,"column":99}},"type":"default-arg","locations":[{"start":{"line":83,"column":86},"end":{"line":83,"column":99}}],"line":83},"8":{"loc":{"start":{"line":87,"column":25},"end":{"line":87,"column":105}},"type":"cond-expr","locations":[{"start":{"line":87,"column":42},"end":{"line":87,"column":53}},{"start":{"line":87,"column":56},"end":{"line":87,"column":105}}],"line":87},"9":{"loc":{"start":{"line":96,"column":2},"end":{"line":98,"column":3}},"type":"if","locations":[{"start":{"line":96,"column":2},"end":{"line":98,"column":3}},{"start":{},"end":{}}],"line":96},"10":{"loc":{"start":{"line":96,"column":6},"end":{"line":96,"column":75}},"type":"binary-expr","locations":[{"start":{"line":96,"column":6},"end":{"line":96,"column":41}},{"start":{"line":96,"column":45},"end":{"line":96,"column":75}}],"line":96},"11":{"loc":{"start":{"line":101,"column":2},"end":{"line":122,"column":3}},"type":"if","locations":[{"start":{"line":101,"column":2},"end":{"line":122,"column":3}},{"start":{},"end":{}}],"line":101},"12":{"loc":{"start":{"line":101,"column":6},"end":{"line":101,"column":100}},"type":"binary-expr","locations":[{"start":{"line":101,"column":6},"end":{"line":101,"column":20}},{"start":{"line":101,"column":24},"end":{"line":101,"column":40}},{"start":{"line":101,"column":45},"end":{"line":101,"column":72}},{"start":{"line":101,"column":76},"end":{"line":101,"column":99}}],"line":101},"13":{"loc":{"start":{"line":103,"column":4},"end":{"line":118,"column":5}},"type":"if","locations":[{"start":{"line":103,"column":4},"end":{"line":118,"column":5}},{"start":{},"end":{}}],"line":103},"14":{"loc":{"start":{"line":104,"column":6},"end":{"line":109,"column":7}},"type":"if","locations":[{"start":{"line":104,"column":6},"end":{"line":109,"column":7}},{"start":{},"end":{}}],"line":104},"15":{"loc":{"start":{"line":112,"column":6},"end":{"line":114,"column":7}},"type":"if","locations":[{"start":{"line":112,"column":6},"end":{"line":114,"column":7}},{"start":{},"end":{}}],"line":112},"16":{"loc":{"start":{"line":120,"column":23},"end":{"line":120,"column":54}},"type":"binary-expr","locations":[{"start":{"line":120,"column":23},"end":{"line":120,"column":36}},{"start":{"line":120,"column":40},"end":{"line":120,"column":54}}],"line":120}},"s":{"0":2,"1":7,"2":7,"3":0,"4":7,"5":7,"6":7,"7":7,"8":6,"9":6,"10":6,"11":6,"12":6,"13":6,"14":6,"15":2,"16":6,"17":6,"18":6,"19":6,"20":6,"21":2,"22":6,"23":6,"24":3,"25":3,"26":1,"27":0,"28":1,"29":1,"30":1,"31":1,"32":1,"33":3,"34":3,"35":6},"f":{"0":7,"1":7,"2":6,"3":6},"b":{"0":[5],"1":[7],"2":[0,7],"3":[7,7],"4":[6,1],"5":[5],"6":[3],"7":[5],"8":[0,6],"9":[2,4],"10":[6,2],"11":[3,3],"12":[6,6,3,0],"13":[1,2],"14":[0,1],"15":[1,0],"16":[3,0]},"inputSourceMap":null,"_coverageSchema":"1a1c01bbd47fc00a2c39e90264f33305004495a9","hash":"875583cdbc8a002a9bd5170ddd14dc94677d631c"}
,"/Users/zane/playground/sdlcforge/format-and-lint/src/lib/default-config/eslint-config.mjs": {"path":"/Users/zane/playground/sdlcforge/format-and-lint/src/lib/default-config/eslint-config.mjs","statementMap":{"0":{"start":{"line":30,"column":18},"end":{"line":30,"column":57}},"1":{"start":{"line":32,"column":33},"end":{"line":32,"column":77}},"2":{"start":{"line":33,"column":28},"end":{"line":33,"column":69}},"3":{"start":{"line":36,"column":2},"end":{"line":40,"column":17}},"4":{"start":{"line":41,"column":0},"end":{"line":43,"column":1}},"5":{"start":{"line":42,"column":2},"end":{"line":42,"column":54}},"6":{"start":{"line":45,"column":24},"end":{"line":45,"column":77}},"7":{"start":{"line":46,"column":20},"end":{"line":46,"column":47}},"8":{"start":{"line":47,"column":79},"end":{"line":47,"column":90}},"9":{"start":{"line":49,"column":23},"end":{"line":56,"column":2}},"10":{"start":{"line":58,"column":18},"end":{"line":58,"column":89}},"11":{"start":{"line":59,"column":22},"end":{"line":59,"column":61}},"12":{"start":{"line":61,"column":24},"end":{"line":61,"column":61}},"13":{"start":{"line":63,"column":16},"end":{"line":71,"column":1}},"14":{"start":{"line":73,"column":14},"end":{"line":218,"column":1}},"15":{"start":{"line":222,"column":0},"end":{"line":222,"column":29}},"16":{"start":{"line":223,"column":0},"end":{"line":223,"column":27}},"17":{"start":{"line":224,"column":0},"end":{"line":224,"column":28}},"18":{"start":{"line":225,"column":0},"end":{"line":225,"column":24}},"19":{"start":{"line":226,"column":0},"end":{"line":226,"column":19}},"20":{"start":{"line":227,"column":0},"end":{"line":227,"column":33}},"21":{"start":{"line":228,"column":0},"end":{"line":228,"column":27}},"22":{"start":{"line":229,"column":0},"end":{"line":229,"column":34}},"23":{"start":{"line":230,"column":0},"end":{"line":230,"column":34}},"24":{"start":{"line":231,"column":0},"end":{"line":231,"column":43}},"25":{"start":{"line":232,"column":0},"end":{"line":232,"column":44}},"26":{"start":{"line":234,"column":0},"end":{"line":234,"column":27}},"27":{"start":{"line":236,"column":17},"end":{"line":236,"column":40}},"28":{"start":{"line":238,"column":26},"end":{"line":253,"column":1}},"29":{"start":{"line":255,"column":0},"end":{"line":271,"column":1}},"30":{"start":{"line":256,"column":2},"end":{"line":256,"column":63}},"31":{"start":{"line":258,"column":2},"end":{"line":258,"column":61}},"32":{"start":{"line":259,"column":2},"end":{"line":270,"column":4}},"33":{"start":{"line":273,"column":27},"end":{"line":286,"column":1}},"34":{"start":{"line":288,"column":25},"end":{"line":292,"column":1}},"35":{"start":{"line":294,"column":27},"end":{"line":303,"column":1}},"36":{"start":{"line":305,"column":24},"end":{"line":315,"column":1}},"37":{"start":{"line":312,"column":23},"end":{"line":312,"column":59}},"38":{"start":{"line":314,"column":2},"end":{"line":314,"column":21}}},"fnMap":{"0":{"name":"(anonymous_0)","decl":{"start":{"line":305,"column":24},"end":{"line":305,"column":25}},"loc":{"start":{"line":311,"column":11},"end":{"line":315,"column":1}},"line":311}},"branchMap":{"0":{"loc":{"start":{"line":36,"column":2},"end":{"line":40,"column":17}},"type":"cond-expr","locations":[{"start":{"line":37,"column":6},"end":{"line":37,"column":30}},{"start":{"line":38,"column":6},"end":{"line":40,"column":17}}],"line":36},"1":{"loc":{"start":{"line":38,"column":6},"end":{"line":40,"column":17}},"type":"cond-expr","locations":[{"start":{"line":39,"column":8},"end":{"line":39,"column":27}},{"start":{"line":40,"column":8},"end":{"line":40,"column":17}}],"line":38},"2":{"loc":{"start":{"line":41,"column":0},"end":{"line":43,"column":1}},"type":"if","locations":[{"start":{"line":41,"column":0},"end":{"line":43,"column":1}},{"start":{},"end":{}}],"line":41},"3":{"loc":{"start":{"line":47,"column":8},"end":{"line":47,"column":25}},"type":"default-arg","locations":[{"start":{"line":47,"column":23},"end":{"line":47,"column":25}}],"line":47},"4":{"loc":{"start":{"line":47,"column":27},"end":{"line":47,"column":47}},"type":"default-arg","locations":[{"start":{"line":47,"column":45},"end":{"line":47,"column":47}}],"line":47},"5":{"loc":{"start":{"line":47,"column":49},"end":{"line":47,"column":74}},"type":"default-arg","locations":[{"start":{"line":47,"column":59},"end":{"line":47,"column":74}}],"line":47},"6":{"loc":{"start":{"line":58,"column":18},"end":{"line":58,"column":89}},"type":"binary-expr","locations":[{"start":{"line":58,"column":18},"end":{"line":58,"column":50}},{"start":{"line":58,"column":54},"end":{"line":58,"column":89}}],"line":58},"7":{"loc":{"start":{"line":59,"column":22},"end":{"line":59,"column":61}},"type":"cond-expr","locations":[{"start":{"line":59,"column":34},"end":{"line":59,"column":56}},{"start":{"line":59,"column":59},"end":{"line":59,"column":61}}],"line":59},"8":{"loc":{"start":{"line":255,"column":0},"end":{"line":271,"column":1}},"type":"if","locations":[{"start":{"line":255,"column":0},"end":{"line":271,"column":1}},{"start":{},"end":{}}],"line":255},"9":{"loc":{"start":{"line":305,"column":25},"end":{"line":311,"column":6}},"type":"default-arg","locations":[{"start":{"line":311,"column":4},"end":{"line":311,"column":6}}],"line":305},"10":{"loc":{"start":{"line":306,"column":2},"end":{"line":306,"column":17}},"type":"default-arg","locations":[{"start":{"line":306,"column":15},"end":{"line":306,"column":17}}],"line":306},"11":{"loc":{"start":{"line":307,"column":2},"end":{"line":307,"column":26}},"type":"default-arg","locations":[{"start":{"line":307,"column":9},"end":{"line":307,"column":26}}],"line":307},"12":{"loc":{"start":{"line":308,"column":2},"end":{"line":308,"column":28}},"type":"default-arg","locations":[{"start":{"line":308,"column":10},"end":{"line":308,"column":28}}],"line":308},"13":{"loc":{"start":{"line":309,"column":2},"end":{"line":309,"column":24}},"type":"default-arg","locations":[{"start":{"line":309,"column":8},"end":{"line":309,"column":24}}],"line":309},"14":{"loc":{"start":{"line":310,"column":2},"end":{"line":310,"column":27}},"type":"default-arg","locations":[{"start":{"line":310,"column":9},"end":{"line":310,"column":27}}],"line":310}},"s":{"0":3,"1":3,"2":3,"3":3,"4":3,"5":0,"6":3,"7":3,"8":3,"9":3,"10":3,"11":3,"12":3,"13":3,"14":3,"15":3,"16":3,"17":3,"18":3,"19":3,"20":3,"21":3,"22":3,"23":3,"24":3,"25":3,"26":3,"27":3,"28":3,"29":3,"30":3,"31":3,"32":3,"33":3,"34":3,"35":3,"36":3,"37":9,"38":9},"f":{"0":9},"b":{"0":[0,3],"1":[3,0],"2":[0,3],"3":[0],"4":[0],"5":[0],"6":[3,3],"7":[0,3],"8":[3,0],"9":[9],"10":[9],"11":[9],"12":[9],"13":[9],"14":[9]},"inputSourceMap":null,"_coverageSchema":"1a1c01bbd47fc00a2c39e90264f33305004495a9","hash":"21e3bbafe896406889e686fac8219170ee805050"}
,"/Users/zane/playground/sdlcforge/format-and-lint/src/lib/default-config/js-extensions.mjs": {"path":"/Users/zane/playground/sdlcforge/format-and-lint/src/lib/default-config/js-extensions.mjs","statementMap":{"0":{"start":{"line":1,"column":23},"end":{"line":1,"column":46}},"1":{"start":{"line":2,"column":23},"end":{"line":2,"column":31}},"2":{"start":{"line":3,"column":23},"end":{"line":3,"column":47}},"3":{"start":{"line":4,"column":26},"end":{"line":4,"column":43}},"4":{"start":{"line":5,"column":26},"end":{"line":5,"column":43}},"5":{"start":{"line":6,"column":26},"end":{"line":6,"column":43}}},"fnMap":{},"branchMap":{},"s":{"0":4,"1":4,"2":4,"3":4,"4":4,"5":4},"f":{},"b":{},"inputSourceMap":null,"_coverageSchema":"1a1c01bbd47fc00a2c39e90264f33305004495a9","hash":"8df462485954cb3db603f0b95bad09c8786d6f47"}
,"/Users/zane/playground/sdlcforge/format-and-lint/src/lib/default-config/prettier.config.mjs": {"path":"/Users/zane/playground/sdlcforge/format-and-lint/src/lib/default-config/prettier.config.mjs","statementMap":{"0":{"start":{"line":1,"column":23},"end":{"line":8,"column":1}}},"fnMap":{},"branchMap":{},"s":{"0":2},"f":{},"b":{},"inputSourceMap":null,"_coverageSchema":"1a1c01bbd47fc00a2c39e90264f33305004495a9","hash":"7a4444f3cdf7ae9405e1f21c2366a3df12867f8b"}
,"/Users/zane/playground/sdlcforge/format-and-lint/src/lib/default-config/lib/linebreak-types-except.mjs": {"path":"/Users/zane/playground/sdlcforge/format-and-lint/src/lib/default-config/lib/linebreak-types-except.mjs","statementMap":{"0":{"start":{"line":1,"column":23},"end":{"line":39,"column":1}},"1":{"start":{"line":67,"column":29},"end":{"line":74,"column":1}},"2":{"start":{"line":68,"column":17},"end":{"line":68,"column":36}},"3":{"start":{"line":69,"column":2},"end":{"line":71,"column":3}},"4":{"start":{"line":70,"column":4},"end":{"line":70,"column":42}},"5":{"start":{"line":73,"column":2},"end":{"line":73,"column":15}}},"fnMap":{"0":{"name":"(anonymous_0)","decl":{"start":{"line":67,"column":29},"end":{"line":67,"column":30}},"loc":{"start":{"line":67,"column":43},"end":{"line":74,"column":1}},"line":67}},"branchMap":{},"s":{"0":3,"1":3,"2":12,"3":12,"4":36,"5":12},"f":{"0":12},"b":{},"inputSourceMap":null,"_coverageSchema":"1a1c01bbd47fc00a2c39e90264f33305004495a9","hash":"e4d43abd76f16d0dedd3b95df46eeaca84188dc2"}
,"/Users/zane/playground/sdlcforge/format-and-lint/src/lib/lib/extract-patterns-from-file.mjs": {"path":"/Users/zane/playground/sdlcforge/format-and-lint/src/lib/lib/extract-patterns-from-file.mjs","statementMap":{"0":{"start":{"line":3,"column":32},"end":{"line":12,"column":1}},"1":{"start":{"line":4,"column":23},"end":{"line":4,"column":66}},"2":{"start":{"line":6,"column":23},"end":{"line":9,"column":54}},"3":{"start":{"line":8,"column":16},"end":{"line":8,"column":24}},"4":{"start":{"line":9,"column":19},"end":{"line":9,"column":53}},"5":{"start":{"line":11,"column":2},"end":{"line":11,"column":21}}},"fnMap":{"0":{"name":"(anonymous_0)","decl":{"start":{"line":3,"column":32},"end":{"line":3,"column":33}},"loc":{"start":{"line":3,"column":48},"end":{"line":12,"column":1}},"line":3},"1":{"name":"(anonymous_1)","decl":{"start":{"line":8,"column":9},"end":{"line":8,"column":10}},"loc":{"start":{"line":8,"column":16},"end":{"line":8,"column":24}},"line":8},"2":{"name":"(anonymous_2)","decl":{"start":{"line":9,"column":12},"end":{"line":9,"column":13}},"loc":{"start":{"line":9,"column":19},"end":{"line":9,"column":53}},"line":9}},"branchMap":{"0":{"loc":{"start":{"line":9,"column":19},"end":{"line":9,"column":53}},"type":"binary-expr","locations":[{"start":{"line":9,"column":19},"end":{"line":9,"column":31}},{"start":{"line":9,"column":35},"end":{"line":9,"column":53}}],"line":9}},"s":{"0":4,"1":2,"2":2,"3":10,"4":10,"5":2},"f":{"0":2,"1":10,"2":10},"b":{"0":[10,6]},"inputSourceMap":null,"_coverageSchema":"1a1c01bbd47fc00a2c39e90264f33305004495a9","hash":"2a9a801d0524f2902311a8b4a0a02e04b29fef7e"}
,"/Users/zane/playground/sdlcforge/format-and-lint/src/lib/lib/get-eslint.mjs": {"path":"/Users/zane/playground/sdlcforge/format-and-lint/src/lib/lib/get-eslint.mjs","statementMap":{"0":{"start":{"line":6,"column":18},"end":{"line":31,"column":1}},"1":{"start":{"line":7,"column":2},"end":{"line":11,"column":3}},"2":{"start":{"line":8,"column":4},"end":{"line":10,"column":6}},"3":{"start":{"line":13,"column":2},"end":{"line":15,"column":3}},"4":{"start":{"line":14,"column":4},"end":{"line":14,"column":58}},"5":{"start":{"line":17,"column":2},"end":{"line":30,"column":4}}},"fnMap":{"0":{"name":"(anonymous_0)","decl":{"start":{"line":6,"column":18},"end":{"line":6,"column":19}},"loc":{"start":{"line":6,"column":71},"end":{"line":31,"column":1}},"line":6}},"branchMap":{"0":{"loc":{"start":{"line":7,"column":2},"end":{"line":11,"column":3}},"type":"if","locations":[{"start":{"line":7,"column":2},"end":{"line":11,"column":3}},{"start":{},"end":{}}],"line":7},"1":{"loc":{"start":{"line":7,"column":6},"end":{"line":7,"column":72}},"type":"binary-expr","locations":[{"start":{"line":7,"column":6},"end":{"line":7,"column":32}},{"start":{"line":7,"column":36},"end":{"line":7,"column":72}}],"line":7},"2":{"loc":{"start":{"line":13,"column":2},"end":{"line":15,"column":3}},"type":"if","locations":[{"start":{"line":13,"column":2},"end":{"line":15,"column":3}},{"start":{},"end":{}}],"line":13}},"s":{"0":2,"1":7,"2":1,"3":6,"4":6,"5":6},"f":{"0":7},"b":{"0":[1,6],"1":[7,1],"2":[6,0]},"inputSourceMap":null,"_coverageSchema":"1a1c01bbd47fc00a2c39e90264f33305004495a9","hash":"b64efd882acfc559d592306a9127c1115f7305b4"}
,"/Users/zane/playground/sdlcforge/format-and-lint/src/lib/lib/process-file-patterns.mjs": {"path":"/Users/zane/playground/sdlcforge/format-and-lint/src/lib/lib/process-file-patterns.mjs","statementMap":{"0":{"start":{"line":3,"column":28},"end":{"line":14,"column":1}},"1":{"start":{"line":4,"column":19},"end":{"line":4,"column":36}},"2":{"start":{"line":6,"column":22},"end":{"line":6,"column":24}},"3":{"start":{"line":7,"column":2},"end":{"line":9,"column":3}},"4":{"start":{"line":8,"column":4},"end":{"line":8,"column":51}},"5":{"start":{"line":11,"column":2},"end":{"line":11,"column":59}},"6":{"start":{"line":13,"column":2},"end":{"line":13,"column":17}}},"fnMap":{"0":{"name":"(anonymous_0)","decl":{"start":{"line":3,"column":28},"end":{"line":3,"column":29}},"loc":{"start":{"line":3,"column":73},"end":{"line":14,"column":1}},"line":3}},"branchMap":{"0":{"loc":{"start":{"line":3,"column":35},"end":{"line":3,"column":52}},"type":"default-arg","locations":[{"start":{"line":3,"column":50},"end":{"line":3,"column":52}}],"line":3},"1":{"loc":{"start":{"line":3,"column":54},"end":{"line":3,"column":68}},"type":"default-arg","locations":[{"start":{"line":3,"column":66},"end":{"line":3,"column":68}}],"line":3}},"s":{"0":3,"1":12,"2":12,"3":12,"4":1,"5":12,"6":12},"f":{"0":12},"b":{"0":[8],"1":[11]},"inputSourceMap":null,"_coverageSchema":"1a1c01bbd47fc00a2c39e90264f33305004495a9","hash":"cb4a63c9281e568bd6e78e0db61f386f8b877432"}
,"/Users/zane/playground/sdlcforge/format-and-lint/src/lib/lib/process-gitignore.mjs": {"path":"/Users/zane/playground/sdlcforge/format-and-lint/src/lib/lib/process-gitignore.mjs","statementMap":{"0":{"start":{"line":4,"column":25},"end":{"line":36,"column":1}},"1":{"start":{"line":5,"column":2},"end":{"line":35,"column":3}},"2":{"start":{"line":6,"column":21},"end":{"line":6,"column":42}},"3":{"start":{"line":8,"column":6},"end":{"line":22,"column":11}},"4":{"start":{"line":10,"column":12},"end":{"line":12,"column":13}},"5":{"start":{"line":11,"column":14},"end":{"line":11,"column":96}},"6":{"start":{"line":15,"column":12},"end":{"line":21,"column":13}},"7":{"start":{"line":16,"column":14},"end":{"line":20,"column":16}},"8":{"start":{"line":23,"column":4},"end":{"line":23,"column":33}},"9":{"start":{"line":25,"column":27},"end":{"line":25,"column":93}},"10":{"start":{"line":25,"column":50},"end":{"line":25,"column":69}},"11":{"start":{"line":25,"column":82},"end":{"line":25,"column":92}},"12":{"start":{"line":27,"column":4},"end":{"line":27,"column":25}},"13":{"start":{"line":30,"column":4},"end":{"line":32,"column":5}},"14":{"start":{"line":31,"column":6},"end":{"line":31,"column":13}},"15":{"start":{"line":34,"column":4},"end":{"line":34,"column":13}}},"fnMap":{"0":{"name":"(anonymous_0)","decl":{"start":{"line":4,"column":25},"end":{"line":4,"column":26}},"loc":{"start":{"line":4,"column":71},"end":{"line":36,"column":1}},"line":4},"1":{"name":"(anonymous_1)","decl":{"start":{"line":9,"column":10},"end":{"line":9,"column":11}},"loc":{"start":{"line":9,"column":23},"end":{"line":13,"column":11}},"line":9},"2":{"name":"(anonymous_2)","decl":{"start":{"line":14,"column":10},"end":{"line":14,"column":11}},"loc":{"start":{"line":14,"column":23},"end":{"line":22,"column":11}},"line":14},"3":{"name":"(anonymous_3)","decl":{"start":{"line":25,"column":43},"end":{"line":25,"column":44}},"loc":{"start":{"line":25,"column":50},"end":{"line":25,"column":69}},"line":25},"4":{"name":"(anonymous_4)","decl":{"start":{"line":25,"column":75},"end":{"line":25,"column":76}},"loc":{"start":{"line":25,"column":82},"end":{"line":25,"column":92}},"line":25}},"branchMap":{"0":{"loc":{"start":{"line":4,"column":28},"end":{"line":4,"column":47}},"type":"default-arg","locations":[{"start":{"line":4,"column":35},"end":{"line":4,"column":47}}],"line":4},"1":{"loc":{"start":{"line":8,"column":6},"end":{"line":22,"column":11}},"type":"cond-expr","locations":[{"start":{"line":9,"column":10},"end":{"line":13,"column":11}},{"start":{"line":14,"column":10},"end":{"line":22,"column":11}}],"line":8},"2":{"loc":{"start":{"line":10,"column":12},"end":{"line":12,"column":13}},"type":"if","locations":[{"start":{"line":10,"column":12},"end":{"line":12,"column":13}},{"start":{},"end":{}}],"line":10},"3":{"loc":{"start":{"line":15,"column":12},"end":{"line":21,"column":13}},"type":"if","locations":[{"start":{"line":15,"column":12},"end":{"line":21,"column":13}},{"start":{},"end":{}}],"line":15},"4":{"loc":{"start":{"line":30,"column":4},"end":{"line":32,"column":5}},"type":"if","locations":[{"start":{"line":30,"column":4},"end":{"line":32,"column":5}},{"start":{},"end":{}}],"line":30}},"s":{"0":3,"1":8,"2":8,"3":8,"4":66,"5":2,"6":11,"7":1,"8":8,"9":7,"10":72,"11":70,"12":7,"13":1,"14":1,"15":0},"f":{"0":8,"1":66,"2":11,"3":72,"4":70},"b":{"0":[5],"1":[6,2],"2":[2,64],"3":[1,10],"4":[1,0]},"inputSourceMap":null,"_coverageSchema":"1a1c01bbd47fc00a2c39e90264f33305004495a9","hash":"8cf75331536c181b8c18d88ea5bd8cf127033017"}
,"/Users/zane/playground/sdlcforge/format-and-lint/src/lib/lib/process-package-ignores.mjs": {"path":"/Users/zane/playground/sdlcforge/format-and-lint/src/lib/lib/process-package-ignores.mjs","statementMap":{"0":{"start":{"line":3,"column":30},"end":{"line":8,"column":1}},"1":{"start":{"line":4,"column":26},"end":{"line":4,"column":81}},"2":{"start":{"line":5,"column":22},"end":{"line":5,"column":49}},"3":{"start":{"line":7,"column":2},"end":{"line":7,"column":51}}},"fnMap":{"0":{"name":"(anonymous_0)","decl":{"start":{"line":3,"column":30},"end":{"line":3,"column":31}},"loc":{"start":{"line":3,"column":42},"end":{"line":8,"column":1}},"line":3}},"branchMap":{"0":{"loc":{"start":{"line":7,"column":9},"end":{"line":7,"column":51}},"type":"binary-expr","locations":[{"start":{"line":7,"column":9},"end":{"line":7,"column":45}},{"start":{"line":7,"column":49},"end":{"line":7,"column":51}}],"line":7}},"s":{"0":3,"1":6,"2":6,"3":6},"f":{"0":6},"b":{"0":[6,5]},"inputSourceMap":null,"_coverageSchema":"1a1c01bbd47fc00a2c39e90264f33305004495a9","hash":"6ee6fd55f35ed90b9a96ef6418fbb4c3331f4997"}
,"/Users/zane/playground/sdlcforge/format-and-lint/src/lib/lib/select-files-from-options.mjs": {"path":"/Users/zane/playground/sdlcforge/format-and-lint/src/lib/lib/select-files-from-options.mjs","statementMap":{"0":{"start":{"line":12,"column":31},"end":{"line":56,"column":1}},"1":{"start":{"line":21,"column":26},"end":{"line":21,"column":68}},"2":{"start":{"line":22,"column":23},"end":{"line":22,"column":48}},"3":{"start":{"line":24,"column":25},"end":{"line":24,"column":69}},"4":{"start":{"line":25,"column":2},"end":{"line":39,"column":3}},"5":{"start":{"line":26,"column":34},"end":{"line":26,"column":72}},"6":{"start":{"line":27,"column":4},"end":{"line":38,"column":5}},"7":{"start":{"line":27,"column":42},"end":{"line":27,"column":67}},"8":{"start":{"line":28,"column":6},"end":{"line":28,"column":48}},"9":{"start":{"line":30,"column":9},"end":{"line":38,"column":5}},"10":{"start":{"line":31,"column":6},"end":{"line":31,"column":52}},"11":{"start":{"line":34,"column":6},"end":{"line":37,"column":8}},"12":{"start":{"line":41,"column":25},"end":{"line":41,"column":81}},"13":{"start":{"line":42,"column":2},"end":{"line":45,"column":3}},"14":{"start":{"line":43,"column":4},"end":{"line":43,"column":43}},"15":{"start":{"line":44,"column":4},"end":{"line":44,"column":72}},"16":{"start":{"line":46,"column":2},"end":{"line":48,"column":3}},"17":{"start":{"line":47,"column":4},"end":{"line":47,"column":59}},"18":{"start":{"line":50,"column":2},"end":{"line":55,"column":4}}},"fnMap":{"0":{"name":"(anonymous_0)","decl":{"start":{"line":12,"column":31},"end":{"line":12,"column":32}},"loc":{"start":{"line":20,"column":6},"end":{"line":56,"column":1}},"line":20},"1":{"name":"(anonymous_1)","decl":{"start":{"line":27,"column":35},"end":{"line":27,"column":36}},"loc":{"start":{"line":27,"column":42},"end":{"line":27,"column":67}},"line":27}},"branchMap":{"0":{"loc":{"start":{"line":19,"column":2},"end":{"line":19,"column":22}},"type":"default-arg","locations":[{"start":{"line":19,"column":9},"end":{"line":19,"column":22}}],"line":19},"1":{"loc":{"start":{"line":25,"column":2},"end":{"line":39,"column":3}},"type":"if","locations":[{"start":{"line":25,"column":2},"end":{"line":39,"column":3}},{"start":{},"end":{}}],"line":25},"2":{"loc":{"start":{"line":27,"column":4},"end":{"line":38,"column":5}},"type":"if","locations":[{"start":{"line":27,"column":4},"end":{"line":38,"column":5}},{"start":{"line":30,"column":9},"end":{"line":38,"column":5}}],"line":27},"3":{"loc":{"start":{"line":30,"column":9},"end":{"line":38,"column":5}},"type":"if","locations":[{"start":{"line":30,"column":9},"end":{"line":38,"column":5}},{"start":{"line":33,"column":9},"end":{"line":38,"column":5}}],"line":30},"4":{"loc":{"start":{"line":42,"column":2},"end":{"line":45,"column":3}},"type":"if","locations":[{"start":{"line":42,"column":2},"end":{"line":45,"column":3}},{"start":{},"end":{}}],"line":42},"5":{"loc":{"start":{"line":46,"column":2},"end":{"line":48,"column":3}},"type":"if","locations":[{"start":{"line":46,"column":2},"end":{"line":48,"column":3}},{"start":{},"end":{}}],"line":46}},"s":{"0":2,"1":6,"2":6,"3":6,"4":6,"5":3,"6":3,"7":8,"8":1,"9":2,"10":1,"11":1,"12":5,"13":5,"14":5,"15":5,"16":5,"17":5,"18":5},"f":{"0":6,"1":8},"b":{"0":[1],"1":[3,3],"2":[1,2],"3":[1,1],"4":[5,0],"5":[5,0]},"inputSourceMap":null,"_coverageSchema":"1a1c01bbd47fc00a2c39e90264f33305004495a9","hash":"71c56fe53098cc7f44df2df1b4a4a2d03df6896d"}
}
